steps/align_fmllr.sh --nj 20 --cmd run.pl data/cv_train_with_accents_except_england_canada data/lang /exp/abhinav/accents_exp/tri4 exp/tri4_cv_train_with_accents_except_england_canada_ali
steps/align_fmllr.sh: feature type is lda
steps/align_fmllr.sh: compiling training graphs
steps/align_fmllr.sh: aligning data in data/cv_train_with_accents_except_england_canada using /exp/abhinav/accents_exp/tri4/final.alimdl and speaker-independent features.
steps/align_fmllr.sh: computing fMLLR transforms
steps/align_fmllr.sh: doing final alignment.
steps/align_fmllr.sh: done aligning data.
steps/diagnostic/analyze_alignments.sh --cmd run.pl data/lang exp/tri4_cv_train_with_accents_except_england_canada_ali
steps/diagnostic/analyze_alignments.sh: see stats in exp/tri4_cv_train_with_accents_except_england_canada_ali/log/analyze_alignments.log
2248 warnings in exp/tri4_cv_train_with_accents_except_england_canada_ali/log/align_pass1.*.log
2491 warnings in exp/tri4_cv_train_with_accents_except_england_canada_ali/log/align_pass2.*.log
44979 warnings in exp/tri4_cv_train_with_accents_except_england_canada_ali/log/fmllr.*.log
mkdir: cannot create directory 'test': File exists
ali-to-pdf exp/tri4_cv_train_with_accents_except_england_canada_ali/final.mdl ark:- ark,t:test/ali.scp 
LOG (ali-to-pdf[5.2.204~1-08848]:main():ali-to-pdf.cc:68) Converted 45328 alignments to pdf sequences.
./temp data/cv_train_with_accents_except_england_canada/accent_num test/ali.scp 'ark:|gzip -c > exp/tri4_accents_cv_train_with_accents_except_england_canada_ali/ali.1.gz' 
Size of uttToAccent:45872
Size of uttToAlign:45328
steps/nnet3/xconfig_to_configs.py --xconfig-file exp/nnet3/tdnn_1024nodes_300bnlayer_except_england_canada/configs/network.xconfig --config-dir exp/nnet3/tdnn_1024nodes_300bnlayer_except_england_canada/configs/
nnet3-init exp/nnet3/tdnn_1024nodes_300bnlayer_except_england_canada/configs//ref.config exp/nnet3/tdnn_1024nodes_300bnlayer_except_england_canada/configs//ref.raw 
LOG (nnet3-init[5.2.204~1-08848]:main():nnet3-init.cc:80) Initialized raw neural net and wrote it to exp/nnet3/tdnn_1024nodes_300bnlayer_except_england_canada/configs//ref.raw
nnet3-info exp/nnet3/tdnn_1024nodes_300bnlayer_except_england_canada/configs//ref.raw 
nnet3-init exp/nnet3/tdnn_1024nodes_300bnlayer_except_england_canada/configs//ref.config exp/nnet3/tdnn_1024nodes_300bnlayer_except_england_canada/configs//ref.raw 
LOG (nnet3-init[5.2.204~1-08848]:main():nnet3-init.cc:80) Initialized raw neural net and wrote it to exp/nnet3/tdnn_1024nodes_300bnlayer_except_england_canada/configs//ref.raw
nnet3-info exp/nnet3/tdnn_1024nodes_300bnlayer_except_england_canada/configs//ref.raw 
./my_run.sh: calling get_egs.sh for generating examples with alignments as output
steps/nnet3/get_egs_mod.sh --cmvn-opts --norm-means=false --norm-vars=false --left-context 16 --right-context 12 --num-utts-subset 300 --nj 20 --num-pdfs 14 --samples-per-iter 400000 --cmd run.pl --frames-per-eg 8 data/cv_train_with_accents_except_england_canada_hires exp/tri4_accents_cv_train_with_accents_except_england_canada_ali exp/nnet3/tdnn_1024nodes_300bnlayer_except_england_canada/egs
steps/nnet3/get_egs_mod.sh: feature type is raw
steps/nnet3/get_egs_mod.sh: working out number of frames of training data
utils/data/get_utt2dur.sh: segments file does not exist so getting durations from wave files
cat: write error: Broken pipe
utils/data/get_utt2dur.sh: could not get utterance lengths from sphere-file headers, using wav-to-duration
wav-to-duration --read-entire-file=false scp:data/cv_train_with_accents_except_england_canada_hires/wav.scp ark,t:data/cv_train_with_accents_except_england_canada_hires/utt2dur 
LOG (wav-to-duration[5.2.204~1-08848]:main():wav-to-duration.cc:92) Printed duration for 45872 audio files.
LOG (wav-to-duration[5.2.204~1-08848]:main():wav-to-duration.cc:94) Mean duration was 4.06615, min and max durations were 0.912, 393.12
utils/data/get_utt2dur.sh: computed data/cv_train_with_accents_except_england_canada_hires/utt2dur
feat-to-len 'scp:head -n 10 data/cv_train_with_accents_except_england_canada_hires/feats.scp|' ark,t:- 
steps/nnet3/get_egs_mod.sh: working out feature dim
steps/nnet3/get_egs_mod.sh: creating 6 archives, each with 388588 egs, with
steps/nnet3/get_egs_mod.sh:   8 labels per example, and (left,right) context = (16,12)
steps/nnet3/get_egs_mod.sh: copying data alignments
copy-int-vector ark:- ark,scp:exp/nnet3/tdnn_1024nodes_300bnlayer_except_england_canada/egs/ali.ark,exp/nnet3/tdnn_1024nodes_300bnlayer_except_england_canada/egs/ali.scp 
LOG (copy-int-vector[5.2.204~1-08848]:main():copy-int-vector.cc:83) Copied 45328 vectors of int32.
steps/nnet3/get_egs_mod.sh: Getting validation and training subset examples.
steps/nnet3/get_egs_mod.sh: ... extracting validation and training-subset alignments.
... Getting subsets of validation examples for diagnostics and combination.
steps/nnet3/get_egs_mod.sh: Generating training examples on disk
steps/nnet3/get_egs_mod.sh: recombining and shuffling order of archives on disk
steps/nnet3/get_egs_mod.sh: removing temporary archives
steps/nnet3/get_egs_mod.sh: removing temporary alignments and transforms
steps/nnet3/get_egs_mod.sh: Finished preparing training examples
2018-02-23 06:10:04,958 [steps/nnet3/train_raw_dnn.py:34 - <module> - INFO ] Starting raw DNN trainer (train_raw_dnn.py)
2018-02-23 06:10:04,968 [steps/nnet3/train_raw_dnn.py:172 - train - INFO ] Arguments for the experiment
{'backstitch_training_interval': 1,
 'backstitch_training_scale': 0.0,
 'cleanup': True,
 'cmvn_opts': '--norm-means=false --norm-vars=false',
 'combine_sum_to_one_penalty': 0.0,
 'command': 'run.pl --mem 4G',
 'compute_average_posteriors': False,
 'compute_per_dim_accuracy': False,
 'dir': 'exp/nnet3/tdnn_1024nodes_300bnlayer_except_england_canada',
 'do_final_combination': True,
 'dropout_schedule': None,
 'egs_command': None,
 'egs_dir': 'exp/nnet3/tdnn_1024nodes_300bnlayer_except_england_canada/egs',
 'egs_opts': None,
 'egs_stage': 0,
 'email': None,
 'exit_stage': None,
 'feat_dir': 'data/cv_train_with_accents_except_england_canada_hires',
 'final_effective_lrate': 0.00017,
 'frames_per_eg': 8,
 'image_augmentation_opts': None,
 'initial_effective_lrate': 0.0017,
 'max_lda_jobs': 10,
 'max_models_combine': 20,
 'max_param_change': 2.0,
 'minibatch_size': '512',
 'momentum': 0.0,
 'nj': 4,
 'num_epochs': 2.0,
 'num_jobs_compute_prior': 10,
 'num_jobs_final': 8,
 'num_jobs_initial': 3,
 'online_ivector_dir': None,
 'preserve_model_interval': 20,
 'presoftmax_prior_scale_power': -0.25,
 'prior_subset_size': 20000,
 'proportional_shrink': 0.0,
 'rand_prune': 4.0,
 'remove_egs': True,
 'reporting_interval': 0.1,
 'samples_per_iter': 400000,
 'shuffle_buffer_size': 5000,
 'srand': 0,
 'stage': -10,
 'targets_scp': None,
 'transform_dir': None,
 'use_dense_targets': False,
 'use_gpu': True}
2018-02-23 06:10:04,978 [steps/libs/nnet3/train/common.py:440 - verify_egs_dir - WARNING ] The ivector ids are not used. It's your responsibility to make sure the ivector extractor has been used consistently
Traceback (most recent call last):
  File "steps/nnet3/train_raw_dnn.py", line 453, in main
    train(args, run_opts)
  File "steps/nnet3/train_raw_dnn.py", line 267, in train
    raise Exception('num_jobs_final cannot exceed the number of archives '
Exception: num_jobs_final cannot exceed the number of archives in the egs directory
steps/nnet3/train_raw_dnn.py --stage=-10 --cmd=run.pl --mem 4G --feat.cmvn-opts=--norm-means=false --norm-vars=false --trainer.num-epochs 2 --trainer.optimization.num-jobs-initial 3 --trainer.optimization.num-jobs-final 8 --trainer.optimization.initial-effective-lrate 0.0017 --trainer.optimization.final-effective-lrate 0.00017 --egs.dir exp/nnet3/tdnn_1024nodes_300bnlayer_except_england_canada/egs --cleanup.preserve-model-interval 20 --use-gpu true --use-dense-targets false --feat-dir=data/cv_train_with_accents_except_england_canada_hires --reporting.email= --dir exp/nnet3/tdnn_1024nodes_300bnlayer_except_england_canada
['steps/nnet3/train_raw_dnn.py', '--stage=-10', '--cmd=run.pl --mem 4G', '--feat.cmvn-opts=--norm-means=false --norm-vars=false', '--trainer.num-epochs', '2', '--trainer.optimization.num-jobs-initial', '3', '--trainer.optimization.num-jobs-final', '8', '--trainer.optimization.initial-effective-lrate', '0.0017', '--trainer.optimization.final-effective-lrate', '0.00017', '--egs.dir', 'exp/nnet3/tdnn_1024nodes_300bnlayer_except_england_canada/egs', '--cleanup.preserve-model-interval', '20', '--use-gpu', 'true', '--use-dense-targets', 'false', '--feat-dir=data/cv_train_with_accents_except_england_canada_hires', '--reporting.email=', '--dir', 'exp/nnet3/tdnn_1024nodes_300bnlayer_except_england_canada']
