2018-03-10 03:18:32,666 [steps/nnet3/train_raw_dnn.py:34 - <module> - INFO ] Starting raw DNN trainer (train_raw_dnn.py)
2018-03-10 03:18:32,685 [steps/nnet3/train_raw_dnn.py:172 - train - INFO ] Arguments for the experiment
{'backstitch_training_interval': 1,
 'backstitch_training_scale': 0.0,
 'cleanup': True,
 'cmvn_opts': '--norm-means=false --norm-vars=false',
 'combine_sum_to_one_penalty': 0.0,
 'command': 'run.pl --mem 4G',
 'compute_average_posteriors': False,
 'compute_per_dim_accuracy': False,
 'dir': 'exp/nnet3/tdnn_1024nodes_300bnlayer_us_england',
 'do_final_combination': True,
 'dropout_schedule': None,
 'egs_command': None,
 'egs_dir': 'exp/nnet3/tdnn_1024nodes_300bnlayer_us_england/egs',
 'egs_opts': None,
 'egs_stage': 0,
 'email': None,
 'exit_stage': None,
 'feat_dir': 'data/cv_train_with_accents_us_england_hires',
 'final_effective_lrate': 0.00017,
 'frames_per_eg': 8,
 'image_augmentation_opts': None,
 'initial_effective_lrate': 0.0017,
 'max_lda_jobs': 10,
 'max_models_combine': 20,
 'max_param_change': 2.0,
 'minibatch_size': '512',
 'momentum': 0.0,
 'nj': 4,
 'num_epochs': 2.0,
 'num_jobs_compute_prior': 10,
 'num_jobs_final': 6,
 'num_jobs_initial': 3,
 'online_ivector_dir': None,
 'preserve_model_interval': 20,
 'presoftmax_prior_scale_power': -0.25,
 'prior_subset_size': 20000,
 'proportional_shrink': 0.0,
 'rand_prune': 4.0,
 'remove_egs': True,
 'reporting_interval': 0.1,
 'samples_per_iter': 400000,
 'shuffle_buffer_size': 5000,
 'srand': 0,
 'stage': -10,
 'targets_scp': None,
 'transform_dir': None,
 'use_dense_targets': False,
 'use_gpu': True}
2018-03-10 03:18:32,694 [steps/libs/nnet3/train/common.py:440 - verify_egs_dir - WARNING ] The ivector ids are not used. It's your responsibility to make sure the ivector extractor has been used consistently
2018-03-10 03:18:32,736 [steps/nnet3/train_raw_dnn.py:283 - train - INFO ] Preparing the initial network.
2018-03-10 03:18:33,419 [steps/nnet3/train_raw_dnn.py:322 - train - INFO ] Training will run for 2.0 epochs = 21 iterations
2018-03-10 03:18:33,419 [steps/libs/nnet3/train/frame_level_objf/common.py:201 - train_one_iteration - INFO ] Training neural net (pass 0)
2018-03-10 03:18:33,423 [steps/libs/nnet3/train/frame_level_objf/common.py:265 - train_one_iteration - INFO ] On iteration 0, learning rate is 0.0051.
2018-03-10 03:29:53,963 [steps/libs/nnet3/train/frame_level_objf/common.py:201 - train_one_iteration - INFO ] Training neural net (pass 1)
2018-03-10 03:29:53,975 [steps/libs/nnet3/train/frame_level_objf/common.py:265 - train_one_iteration - INFO ] On iteration 1, learning rate is 0.00474591740874.
2018-03-10 03:31:29,331 [steps/libs/nnet3/train/frame_level_objf/common.py:201 - train_one_iteration - INFO ] Training neural net (pass 2)
2018-03-10 03:31:29,347 [steps/libs/nnet3/train/frame_level_objf/common.py:265 - train_one_iteration - INFO ] On iteration 2, learning rate is 0.00441641804914.
2018-03-10 03:33:35,476 [steps/libs/nnet3/train/frame_level_objf/common.py:201 - train_one_iteration - INFO ] Training neural net (pass 3)
2018-03-10 03:33:35,496 [steps/libs/nnet3/train/frame_level_objf/common.py:265 - train_one_iteration - INFO ] On iteration 3, learning rate is 0.00410979515758.
2018-03-10 03:35:58,196 [steps/libs/nnet3/train/frame_level_objf/common.py:201 - train_one_iteration - INFO ] Training neural net (pass 4)
2018-03-10 03:35:58,203 [steps/libs/nnet3/train/frame_level_objf/common.py:265 - train_one_iteration - INFO ] On iteration 4, learning rate is 0.00509928062346.
2018-03-10 03:38:34,404 [steps/libs/nnet3/train/frame_level_objf/common.py:201 - train_one_iteration - INFO ] Training neural net (pass 5)
2018-03-10 03:38:34,418 [steps/libs/nnet3/train/frame_level_objf/common.py:265 - train_one_iteration - INFO ] On iteration 5, learning rate is 0.00463278606959.
2018-03-10 03:43:35,271 [steps/libs/nnet3/train/frame_level_objf/common.py:201 - train_one_iteration - INFO ] Training neural net (pass 6)
2018-03-10 03:43:35,285 [steps/libs/nnet3/train/frame_level_objf/common.py:265 - train_one_iteration - INFO ] On iteration 6, learning rate is 0.00420896756846.
2018-03-10 03:46:18,236 [steps/libs/nnet3/train/frame_level_objf/common.py:201 - train_one_iteration - INFO ] Training neural net (pass 7)
2018-03-10 03:46:18,243 [steps/libs/nnet3/train/frame_level_objf/common.py:265 - train_one_iteration - INFO ] On iteration 7, learning rate is 0.00382392101129.
2018-03-10 03:48:48,340 [steps/libs/nnet3/train/frame_level_objf/common.py:201 - train_one_iteration - INFO ] Training neural net (pass 8)
2018-03-10 03:48:48,346 [steps/libs/nnet3/train/frame_level_objf/common.py:265 - train_one_iteration - INFO ] On iteration 8, learning rate is 0.00347409944666.
2018-03-10 03:52:48,048 [steps/libs/nnet3/train/frame_level_objf/common.py:201 - train_one_iteration - INFO ] Training neural net (pass 9)
2018-03-10 03:52:48,058 [steps/libs/nnet3/train/frame_level_objf/common.py:265 - train_one_iteration - INFO ] On iteration 9, learning rate is 0.00315628040686.
2018-03-10 03:54:53,004 [steps/libs/nnet3/train/frame_level_objf/common.py:201 - train_one_iteration - INFO ] Training neural net (pass 10)
2018-03-10 03:54:53,011 [steps/libs/nnet3/train/frame_level_objf/common.py:265 - train_one_iteration - INFO ] On iteration 10, learning rate is 0.00286753622331.
2018-03-10 03:57:06,414 [steps/libs/nnet3/train/frame_level_objf/common.py:201 - train_one_iteration - INFO ] Training neural net (pass 11)
2018-03-10 03:57:06,441 [steps/libs/nnet3/train/frame_level_objf/common.py:265 - train_one_iteration - INFO ] On iteration 11, learning rate is 0.00325650882212.
2018-03-10 03:59:56,441 [steps/libs/nnet3/train/common.py:134 - get_successful_models - WARNING ] Only 4/5 of the models have been accepted for averaging, based on log files exp/nnet3/tdnn_1024nodes_300bnlayer_us_england/log/train.11.%.log.
2018-03-10 03:59:56,796 [steps/libs/nnet3/train/frame_level_objf/common.py:201 - train_one_iteration - INFO ] Training neural net (pass 12)
2018-03-10 03:59:56,803 [steps/libs/nnet3/train/frame_level_objf/common.py:265 - train_one_iteration - INFO ] On iteration 12, learning rate is 0.0028884770796.
2018-03-10 04:02:19,774 [steps/libs/nnet3/train/frame_level_objf/common.py:201 - train_one_iteration - INFO ] Training neural net (pass 13)
2018-03-10 04:02:19,781 [steps/libs/nnet3/train/frame_level_objf/common.py:265 - train_one_iteration - INFO ] On iteration 13, learning rate is 0.0025620381504.
2018-03-10 04:04:24,859 [steps/libs/nnet3/train/frame_level_objf/common.py:201 - train_one_iteration - INFO ] Training neural net (pass 14)
2018-03-10 04:04:24,871 [steps/libs/nnet3/train/frame_level_objf/common.py:265 - train_one_iteration - INFO ] On iteration 14, learning rate is 0.00227249145594.
2018-03-10 04:06:22,170 [steps/libs/nnet3/train/common.py:134 - get_successful_models - WARNING ] Only 3/5 of the models have been accepted for averaging, based on log files exp/nnet3/tdnn_1024nodes_300bnlayer_us_england/log/train.14.%.log.
2018-03-10 04:06:22,896 [steps/libs/nnet3/train/frame_level_objf/common.py:201 - train_one_iteration - INFO ] Training neural net (pass 15)
2018-03-10 04:06:22,902 [steps/libs/nnet3/train/frame_level_objf/common.py:265 - train_one_iteration - INFO ] On iteration 15, learning rate is 0.00201566764981.
2018-03-10 04:08:19,331 [steps/libs/nnet3/train/common.py:134 - get_successful_models - WARNING ] Only 3/5 of the models have been accepted for averaging, based on log files exp/nnet3/tdnn_1024nodes_300bnlayer_us_england/log/train.15.%.log.
2018-03-10 04:08:19,921 [steps/libs/nnet3/train/frame_level_objf/common.py:201 - train_one_iteration - INFO ] Training neural net (pass 16)
2018-03-10 04:08:19,928 [steps/libs/nnet3/train/frame_level_objf/common.py:265 - train_one_iteration - INFO ] On iteration 16, learning rate is 0.00178786858092.
2018-03-10 04:10:15,199 [steps/libs/nnet3/train/common.py:134 - get_successful_models - WARNING ] Only 2/5 of the models have been accepted for averaging, based on log files exp/nnet3/tdnn_1024nodes_300bnlayer_us_england/log/train.16.%.log.
2018-03-10 04:10:15,605 [steps/libs/nnet3/train/frame_level_objf/common.py:201 - train_one_iteration - INFO ] Training neural net (pass 17)
2018-03-10 04:10:15,610 [steps/libs/nnet3/train/frame_level_objf/common.py:265 - train_one_iteration - INFO ] On iteration 17, learning rate is 0.00158581404179.
2018-03-10 04:12:10,721 [steps/libs/nnet3/train/common.py:134 - get_successful_models - WARNING ] Only 4/5 of the models have been accepted for averaging, based on log files exp/nnet3/tdnn_1024nodes_300bnlayer_us_england/log/train.17.%.log.
2018-03-10 04:12:11,035 [steps/libs/nnet3/train/frame_level_objf/common.py:201 - train_one_iteration - INFO ] Training neural net (pass 18)
2018-03-10 04:12:11,054 [steps/libs/nnet3/train/frame_level_objf/common.py:265 - train_one_iteration - INFO ] On iteration 18, learning rate is 0.00168791344194.
2018-03-10 04:14:30,151 [steps/libs/nnet3/train/common.py:134 - get_successful_models - WARNING ] Only 1/6 of the models have been accepted for averaging, based on log files exp/nnet3/tdnn_1024nodes_300bnlayer_us_england/log/train.18.%.log.
2018-03-10 04:14:30,537 [steps/libs/nnet3/train/frame_level_objf/common.py:201 - train_one_iteration - INFO ] Training neural net (pass 19)
2018-03-10 04:14:30,543 [steps/libs/nnet3/train/frame_level_objf/common.py:265 - train_one_iteration - INFO ] On iteration 19, learning rate is 0.00146167282164.
2018-03-10 04:16:48,199 [steps/libs/nnet3/train/common.py:134 - get_successful_models - WARNING ] Only 5/6 of the models have been accepted for averaging, based on log files exp/nnet3/tdnn_1024nodes_300bnlayer_us_england/log/train.19.%.log.
2018-03-10 04:16:49,073 [steps/libs/nnet3/train/frame_level_objf/common.py:201 - train_one_iteration - INFO ] Training neural net (pass 20)
2018-03-10 04:16:49,079 [steps/libs/nnet3/train/frame_level_objf/common.py:265 - train_one_iteration - INFO ] On iteration 20, learning rate is 0.00102.
2018-03-10 04:19:55,472 [steps/libs/nnet3/train/common.py:134 - get_successful_models - WARNING ] Only 4/6 of the models have been accepted for averaging, based on log files exp/nnet3/tdnn_1024nodes_300bnlayer_us_england/log/train.20.%.log.
2018-03-10 04:19:56,135 [steps/nnet3/train_raw_dnn.py:395 - train - INFO ] Doing final combination to produce final.raw
2018-03-10 04:19:56,136 [steps/libs/nnet3/train/frame_level_objf/common.py:466 - combine_models - INFO ] Combining set([12, 13, 14, 15, 16, 17, 18, 19, 20, 21]) models.
2018-03-10 04:23:21,593 [steps/nnet3/train_raw_dnn.py:417 - train - INFO ] Cleaning up the experiment directory exp/nnet3/tdnn_1024nodes_300bnlayer_us_england
exp/nnet3/tdnn_1024nodes_300bnlayer_us_england: num-iters=21 nj=3..6 num-params=10.3M dim=40->16 combine=-13.17->-1.26 loglike:train/valid[13,20]=(-11.99,-10.39/-12.03,-10.43) accuracy:train/valid[13,20]=(0.35,0.35/0.35,0.35)
steps/nnet3/train_raw_dnn.py --stage=-10 --cmd=run.pl --mem 4G --feat.cmvn-opts=--norm-means=false --norm-vars=false --trainer.num-epochs 2 --trainer.optimization.num-jobs-initial 3 --trainer.optimization.num-jobs-final 6 --trainer.optimization.initial-effective-lrate 0.0017 --trainer.optimization.final-effective-lrate 0.00017 --egs.dir exp/nnet3/tdnn_1024nodes_300bnlayer_us_england/egs --cleanup.preserve-model-interval 20 --use-gpu true --use-dense-targets false --feat-dir=data/cv_train_with_accents_us_england_hires --reporting.email= --dir exp/nnet3/tdnn_1024nodes_300bnlayer_us_england
['steps/nnet3/train_raw_dnn.py', '--stage=-10', '--cmd=run.pl --mem 4G', '--feat.cmvn-opts=--norm-means=false --norm-vars=false', '--trainer.num-epochs', '2', '--trainer.optimization.num-jobs-initial', '3', '--trainer.optimization.num-jobs-final', '6', '--trainer.optimization.initial-effective-lrate', '0.0017', '--trainer.optimization.final-effective-lrate', '0.00017', '--egs.dir', 'exp/nnet3/tdnn_1024nodes_300bnlayer_us_england/egs', '--cleanup.preserve-model-interval', '20', '--use-gpu', 'true', '--use-dense-targets', 'false', '--feat-dir=data/cv_train_with_accents_us_england_hires', '--reporting.email=', '--dir', 'exp/nnet3/tdnn_1024nodes_300bnlayer_us_england']
