steps/nnet3/xconfig_to_configs.py --xconfig-file exp/nnet3/tdnn_1024nodes_300bnlayer_us_england/configs/network.xconfig --config-dir exp/nnet3/tdnn_1024nodes_300bnlayer_us_england/configs/
nnet3-init exp/nnet3/tdnn_1024nodes_300bnlayer_us_england/configs//ref.config exp/nnet3/tdnn_1024nodes_300bnlayer_us_england/configs//ref.raw 
LOG (nnet3-init[5.2.204~1-08848]:main():nnet3-init.cc:80) Initialized raw neural net and wrote it to exp/nnet3/tdnn_1024nodes_300bnlayer_us_england/configs//ref.raw
nnet3-info exp/nnet3/tdnn_1024nodes_300bnlayer_us_england/configs//ref.raw 
nnet3-init exp/nnet3/tdnn_1024nodes_300bnlayer_us_england/configs//ref.config exp/nnet3/tdnn_1024nodes_300bnlayer_us_england/configs//ref.raw 
LOG (nnet3-init[5.2.204~1-08848]:main():nnet3-init.cc:80) Initialized raw neural net and wrote it to exp/nnet3/tdnn_1024nodes_300bnlayer_us_england/configs//ref.raw
nnet3-info exp/nnet3/tdnn_1024nodes_300bnlayer_us_england/configs//ref.raw 
2018-03-11 01:59:07,360 [steps/nnet3/train_raw_dnn.py:34 - <module> - INFO ] Starting raw DNN trainer (train_raw_dnn.py)
2018-03-11 01:59:07,366 [steps/nnet3/train_raw_dnn.py:172 - train - INFO ] Arguments for the experiment
{'backstitch_training_interval': 1,
 'backstitch_training_scale': 0.0,
 'cleanup': True,
 'cmvn_opts': '--norm-means=false --norm-vars=false',
 'combine_sum_to_one_penalty': 0.0,
 'command': 'run.pl --mem 4G',
 'compute_average_posteriors': False,
 'compute_per_dim_accuracy': False,
 'dir': 'exp/nnet3/tdnn_1024nodes_300bnlayer_us_england',
 'do_final_combination': True,
 'dropout_schedule': None,
 'egs_command': None,
 'egs_dir': 'exp/nnet3/tdnn_1024nodes_300bnlayer_us_england/egs',
 'egs_opts': None,
 'egs_stage': 0,
 'email': None,
 'exit_stage': None,
 'feat_dir': 'data/cv_train_with_accents_us_england_hires',
 'final_effective_lrate': 0.00017,
 'frames_per_eg': 8,
 'image_augmentation_opts': None,
 'initial_effective_lrate': 0.0017,
 'max_lda_jobs': 10,
 'max_models_combine': 20,
 'max_param_change': 2.0,
 'minibatch_size': '512',
 'momentum': 0.0,
 'nj': 4,
 'num_epochs': 2.0,
 'num_jobs_compute_prior': 10,
 'num_jobs_final': 6,
 'num_jobs_initial': 3,
 'online_ivector_dir': None,
 'preserve_model_interval': 20,
 'presoftmax_prior_scale_power': -0.25,
 'prior_subset_size': 20000,
 'proportional_shrink': 0.0,
 'rand_prune': 4.0,
 'remove_egs': True,
 'reporting_interval': 0.1,
 'samples_per_iter': 400000,
 'shuffle_buffer_size': 5000,
 'srand': 0,
 'stage': -10,
 'targets_scp': None,
 'transform_dir': None,
 'use_dense_targets': False,
 'use_gpu': True}
2018-03-11 01:59:07,372 [steps/libs/nnet3/train/common.py:440 - verify_egs_dir - WARNING ] The ivector ids are not used. It's your responsibility to make sure the ivector extractor has been used consistently
2018-03-11 01:59:07,372 [steps/nnet3/train_raw_dnn.py:283 - train - INFO ] Preparing the initial network.
2018-03-11 01:59:08,038 [steps/nnet3/train_raw_dnn.py:322 - train - INFO ] Training will run for 2.0 epochs = 21 iterations
2018-03-11 01:59:08,039 [steps/libs/nnet3/train/frame_level_objf/common.py:201 - train_one_iteration - INFO ] Training neural net (pass 0)
2018-03-11 01:59:08,043 [steps/libs/nnet3/train/frame_level_objf/common.py:265 - train_one_iteration - INFO ] On iteration 0, learning rate is 0.0051.
2018-03-11 02:01:00,673 [steps/libs/nnet3/train/frame_level_objf/common.py:201 - train_one_iteration - INFO ] Training neural net (pass 1)
2018-03-11 02:01:00,682 [steps/libs/nnet3/train/frame_level_objf/common.py:265 - train_one_iteration - INFO ] On iteration 1, learning rate is 0.00474591740874.
2018-03-11 02:03:16,508 [steps/libs/nnet3/train/frame_level_objf/common.py:201 - train_one_iteration - INFO ] Training neural net (pass 2)
2018-03-11 02:03:16,541 [steps/libs/nnet3/train/frame_level_objf/common.py:265 - train_one_iteration - INFO ] On iteration 2, learning rate is 0.00441641804914.
2018-03-11 02:05:57,409 [steps/libs/nnet3/train/frame_level_objf/common.py:201 - train_one_iteration - INFO ] Training neural net (pass 3)
2018-03-11 02:05:57,417 [steps/libs/nnet3/train/frame_level_objf/common.py:265 - train_one_iteration - INFO ] On iteration 3, learning rate is 0.00410979515758.
2018-03-11 02:08:19,750 [steps/libs/nnet3/train/frame_level_objf/common.py:201 - train_one_iteration - INFO ] Training neural net (pass 4)
2018-03-11 02:08:19,755 [steps/libs/nnet3/train/frame_level_objf/common.py:265 - train_one_iteration - INFO ] On iteration 4, learning rate is 0.00509928062346.
2018-03-11 02:10:48,465 [steps/libs/nnet3/train/frame_level_objf/common.py:201 - train_one_iteration - INFO ] Training neural net (pass 5)
2018-03-11 02:10:48,472 [steps/libs/nnet3/train/frame_level_objf/common.py:265 - train_one_iteration - INFO ] On iteration 5, learning rate is 0.00463278606959.
2018-03-11 02:13:18,392 [steps/libs/nnet3/train/frame_level_objf/common.py:201 - train_one_iteration - INFO ] Training neural net (pass 6)
2018-03-11 02:13:18,406 [steps/libs/nnet3/train/frame_level_objf/common.py:265 - train_one_iteration - INFO ] On iteration 6, learning rate is 0.00420896756846.
2018-03-11 02:16:04,364 [steps/libs/nnet3/train/frame_level_objf/common.py:201 - train_one_iteration - INFO ] Training neural net (pass 7)
2018-03-11 02:16:04,377 [steps/libs/nnet3/train/frame_level_objf/common.py:265 - train_one_iteration - INFO ] On iteration 7, learning rate is 0.00382392101129.
2018-03-11 02:18:43,891 [steps/libs/nnet3/train/frame_level_objf/common.py:201 - train_one_iteration - INFO ] Training neural net (pass 8)
2018-03-11 02:18:43,899 [steps/libs/nnet3/train/frame_level_objf/common.py:265 - train_one_iteration - INFO ] On iteration 8, learning rate is 0.00347409944666.
2018-03-11 02:21:36,239 [steps/libs/nnet3/train/frame_level_objf/common.py:201 - train_one_iteration - INFO ] Training neural net (pass 9)
2018-03-11 02:21:36,245 [steps/libs/nnet3/train/frame_level_objf/common.py:265 - train_one_iteration - INFO ] On iteration 9, learning rate is 0.00315628040686.
2018-03-11 02:23:52,611 [steps/libs/nnet3/train/frame_level_objf/common.py:201 - train_one_iteration - INFO ] Training neural net (pass 10)
2018-03-11 02:23:52,618 [steps/libs/nnet3/train/frame_level_objf/common.py:265 - train_one_iteration - INFO ] On iteration 10, learning rate is 0.00286753622331.
2018-03-11 02:26:19,500 [steps/libs/nnet3/train/frame_level_objf/common.py:201 - train_one_iteration - INFO ] Training neural net (pass 11)
2018-03-11 02:26:19,508 [steps/libs/nnet3/train/frame_level_objf/common.py:265 - train_one_iteration - INFO ] On iteration 11, learning rate is 0.00325650882212.
2018-03-11 02:29:01,977 [steps/libs/nnet3/train/common.py:134 - get_successful_models - WARNING ] Only 2/5 of the models have been accepted for averaging, based on log files exp/nnet3/tdnn_1024nodes_300bnlayer_us_england/log/train.11.%.log.
2018-03-11 02:29:02,364 [steps/libs/nnet3/train/frame_level_objf/common.py:201 - train_one_iteration - INFO ] Training neural net (pass 12)
2018-03-11 02:29:02,376 [steps/libs/nnet3/train/frame_level_objf/common.py:265 - train_one_iteration - INFO ] On iteration 12, learning rate is 0.0028884770796.
2018-03-11 02:32:12,727 [steps/libs/nnet3/train/frame_level_objf/common.py:201 - train_one_iteration - INFO ] Training neural net (pass 13)
2018-03-11 02:32:12,738 [steps/libs/nnet3/train/frame_level_objf/common.py:265 - train_one_iteration - INFO ] On iteration 13, learning rate is 0.0025620381504.
2018-03-11 02:35:35,841 [steps/libs/nnet3/train/common.py:134 - get_successful_models - WARNING ] Only 3/5 of the models have been accepted for averaging, based on log files exp/nnet3/tdnn_1024nodes_300bnlayer_us_england/log/train.13.%.log.
2018-03-11 02:35:36,204 [steps/libs/nnet3/train/frame_level_objf/common.py:201 - train_one_iteration - INFO ] Training neural net (pass 14)
2018-03-11 02:35:36,209 [steps/libs/nnet3/train/frame_level_objf/common.py:265 - train_one_iteration - INFO ] On iteration 14, learning rate is 0.00227249145594.
2018-03-11 02:37:44,430 [steps/libs/nnet3/train/frame_level_objf/common.py:201 - train_one_iteration - INFO ] Training neural net (pass 15)
2018-03-11 02:37:44,451 [steps/libs/nnet3/train/frame_level_objf/common.py:265 - train_one_iteration - INFO ] On iteration 15, learning rate is 0.00201566764981.
2018-03-11 02:40:21,606 [steps/libs/nnet3/train/common.py:134 - get_successful_models - WARNING ] Only 3/5 of the models have been accepted for averaging, based on log files exp/nnet3/tdnn_1024nodes_300bnlayer_us_england/log/train.15.%.log.
2018-03-11 02:40:21,930 [steps/libs/nnet3/train/frame_level_objf/common.py:201 - train_one_iteration - INFO ] Training neural net (pass 16)
2018-03-11 02:40:21,939 [steps/libs/nnet3/train/frame_level_objf/common.py:265 - train_one_iteration - INFO ] On iteration 16, learning rate is 0.00178786858092.
2018-03-11 02:43:17,998 [steps/libs/nnet3/train/common.py:134 - get_successful_models - WARNING ] Only 1/5 of the models have been accepted for averaging, based on log files exp/nnet3/tdnn_1024nodes_300bnlayer_us_england/log/train.16.%.log.
2018-03-11 02:43:18,249 [steps/libs/nnet3/train/frame_level_objf/common.py:201 - train_one_iteration - INFO ] Training neural net (pass 17)
2018-03-11 02:43:18,258 [steps/libs/nnet3/train/frame_level_objf/common.py:265 - train_one_iteration - INFO ] On iteration 17, learning rate is 0.00158581404179.
2018-03-11 02:46:58,467 [steps/libs/nnet3/train/frame_level_objf/common.py:201 - train_one_iteration - INFO ] Training neural net (pass 18)
2018-03-11 02:46:58,480 [steps/libs/nnet3/train/frame_level_objf/common.py:265 - train_one_iteration - INFO ] On iteration 18, learning rate is 0.00168791344194.
2018-03-11 02:50:59,981 [steps/libs/nnet3/train/frame_level_objf/common.py:201 - train_one_iteration - INFO ] Training neural net (pass 19)
2018-03-11 02:50:59,993 [steps/libs/nnet3/train/frame_level_objf/common.py:265 - train_one_iteration - INFO ] On iteration 19, learning rate is 0.00146167282164.
2018-03-11 02:53:52,127 [steps/libs/nnet3/train/frame_level_objf/common.py:201 - train_one_iteration - INFO ] Training neural net (pass 20)
2018-03-11 02:53:52,141 [steps/libs/nnet3/train/frame_level_objf/common.py:265 - train_one_iteration - INFO ] On iteration 20, learning rate is 0.00102.
2018-03-11 02:57:34,725 [steps/nnet3/train_raw_dnn.py:395 - train - INFO ] Doing final combination to produce final.raw
2018-03-11 02:57:34,725 [steps/libs/nnet3/train/frame_level_objf/common.py:466 - combine_models - INFO ] Combining set([12, 13, 14, 15, 16, 17, 18, 19, 20, 21]) models.
2018-03-11 03:00:00,407 [steps/nnet3/train_raw_dnn.py:417 - train - INFO ] Cleaning up the experiment directory exp/nnet3/tdnn_1024nodes_300bnlayer_us_england
exp/nnet3/tdnn_1024nodes_300bnlayer_us_england: num-iters=21 nj=3..6 num-params=10.3M dim=40->2 combine=-11.30->-0.50 loglike:train/valid[13,20]=(-1.74,-7.00/-1.69,-7.02) accuracy:train/valid[13,20]=(0.70,0.35/0.69,0.35)
steps/nnet3/train_raw_dnn.py --stage=-10 --cmd=run.pl --mem 4G --feat.cmvn-opts=--norm-means=false --norm-vars=false --trainer.num-epochs 2 --trainer.optimization.num-jobs-initial 3 --trainer.optimization.num-jobs-final 6 --trainer.optimization.initial-effective-lrate 0.0017 --trainer.optimization.final-effective-lrate 0.00017 --egs.dir exp/nnet3/tdnn_1024nodes_300bnlayer_us_england/egs --cleanup.preserve-model-interval 20 --use-gpu true --use-dense-targets false --feat-dir=data/cv_train_with_accents_us_england_hires --reporting.email= --dir exp/nnet3/tdnn_1024nodes_300bnlayer_us_england
['steps/nnet3/train_raw_dnn.py', '--stage=-10', '--cmd=run.pl --mem 4G', '--feat.cmvn-opts=--norm-means=false --norm-vars=false', '--trainer.num-epochs', '2', '--trainer.optimization.num-jobs-initial', '3', '--trainer.optimization.num-jobs-final', '6', '--trainer.optimization.initial-effective-lrate', '0.0017', '--trainer.optimization.final-effective-lrate', '0.00017', '--egs.dir', 'exp/nnet3/tdnn_1024nodes_300bnlayer_us_england/egs', '--cleanup.preserve-model-interval', '20', '--use-gpu', 'true', '--use-dense-targets', 'false', '--feat-dir=data/cv_train_with_accents_us_england_hires', '--reporting.email=', '--dir', 'exp/nnet3/tdnn_1024nodes_300bnlayer_us_england']
