2018-02-21 01:37:03,575 [steps/nnet3/train_raw_dnn.py:34 - <module> - INFO ] Starting raw DNN trainer (train_raw_dnn.py)
2018-02-21 01:37:03,582 [steps/nnet3/train_raw_dnn.py:172 - train - INFO ] Arguments for the experiment
{'backstitch_training_interval': 1,
 'backstitch_training_scale': 0.0,
 'cleanup': True,
 'cmvn_opts': '--norm-means=false --norm-vars=false',
 'combine_sum_to_one_penalty': 0.0,
 'command': 'run.pl --mem 4G',
 'compute_average_posteriors': False,
 'compute_per_dim_accuracy': False,
 'dir': 'exp/nnet3/tdnn_base_7accents_nz',
 'do_final_combination': True,
 'dropout_schedule': None,
 'egs_command': None,
 'egs_dir': 'exp/nnet3/tdnn_base_7accents_nz/egs',
 'egs_opts': None,
 'egs_stage': 0,
 'email': None,
 'exit_stage': None,
 'feat_dir': 'data/cv_train_all_nz_with_accents_hires',
 'final_effective_lrate': 0.00017,
 'frames_per_eg': 8,
 'image_augmentation_opts': None,
 'initial_effective_lrate': 0.0017,
 'max_lda_jobs': 10,
 'max_models_combine': 20,
 'max_param_change': 2.0,
 'minibatch_size': '512',
 'momentum': 0.0,
 'nj': 4,
 'num_epochs': 2.0,
 'num_jobs_compute_prior': 10,
 'num_jobs_final': 8,
 'num_jobs_initial': 3,
 'online_ivector_dir': None,
 'preserve_model_interval': 20,
 'presoftmax_prior_scale_power': -0.25,
 'prior_subset_size': 20000,
 'proportional_shrink': 0.0,
 'rand_prune': 4.0,
 'remove_egs': True,
 'reporting_interval': 0.1,
 'samples_per_iter': 400000,
 'shuffle_buffer_size': 5000,
 'srand': 0,
 'stage': -10,
 'targets_scp': None,
 'transform_dir': None,
 'use_dense_targets': False,
 'use_gpu': True}
2018-02-21 01:37:03,591 [steps/libs/nnet3/train/common.py:440 - verify_egs_dir - WARNING ] The ivector ids are not used. It's your responsibility to make sure the ivector extractor has been used consistently
2018-02-21 01:37:03,591 [steps/nnet3/train_raw_dnn.py:283 - train - INFO ] Preparing the initial network.
2018-02-21 01:37:04,773 [steps/nnet3/train_raw_dnn.py:322 - train - INFO ] Training will run for 2.0 epochs = 23 iterations
2018-02-21 01:37:04,773 [steps/libs/nnet3/train/frame_level_objf/common.py:201 - train_one_iteration - INFO ] Training neural net (pass 0)
2018-02-21 01:37:04,785 [steps/libs/nnet3/train/frame_level_objf/common.py:265 - train_one_iteration - INFO ] On iteration 0, learning rate is 0.0051.
2018-02-21 01:41:25,444 [steps/libs/nnet3/train/frame_level_objf/common.py:201 - train_one_iteration - INFO ] Training neural net (pass 1)
2018-02-21 01:41:25,451 [steps/libs/nnet3/train/frame_level_objf/common.py:265 - train_one_iteration - INFO ] On iteration 1, learning rate is 0.00483206398084.
2018-02-21 01:44:04,927 [steps/libs/nnet3/train/frame_level_objf/common.py:201 - train_one_iteration - INFO ] Training neural net (pass 2)
2018-02-21 01:44:04,933 [steps/libs/nnet3/train/frame_level_objf/common.py:265 - train_one_iteration - INFO ] On iteration 2, learning rate is 0.00457820437548.
2018-02-21 01:45:30,356 [steps/libs/nnet3/train/frame_level_objf/common.py:201 - train_one_iteration - INFO ] Training neural net (pass 3)
2018-02-21 01:45:30,362 [steps/libs/nnet3/train/frame_level_objf/common.py:265 - train_one_iteration - INFO ] On iteration 3, learning rate is 0.00578357554502.
2018-02-21 01:47:49,374 [steps/libs/nnet3/train/frame_level_objf/common.py:201 - train_one_iteration - INFO ] Training neural net (pass 4)
2018-02-21 01:47:49,395 [steps/libs/nnet3/train/frame_level_objf/common.py:265 - train_one_iteration - INFO ] On iteration 4, learning rate is 0.0053820336988.
2018-02-21 01:50:43,609 [steps/libs/nnet3/train/frame_level_objf/common.py:201 - train_one_iteration - INFO ] Training neural net (pass 5)
2018-02-21 01:50:43,626 [steps/libs/nnet3/train/frame_level_objf/common.py:265 - train_one_iteration - INFO ] On iteration 5, learning rate is 0.00500837008344.
2018-02-21 01:53:38,378 [steps/libs/nnet3/train/frame_level_objf/common.py:201 - train_one_iteration - INFO ] Training neural net (pass 6)
2018-02-21 01:53:38,388 [steps/libs/nnet3/train/frame_level_objf/common.py:265 - train_one_iteration - INFO ] On iteration 6, learning rate is 0.00466064917028.
2018-02-21 01:56:10,203 [steps/libs/nnet3/train/frame_level_objf/common.py:201 - train_one_iteration - INFO ] Training neural net (pass 7)
2018-02-21 01:56:10,214 [steps/libs/nnet3/train/frame_level_objf/common.py:265 - train_one_iteration - INFO ] On iteration 7, learning rate is 0.00542133726306.
2018-02-21 02:00:23,695 [steps/libs/nnet3/train/frame_level_objf/common.py:201 - train_one_iteration - INFO ] Training neural net (pass 8)
2018-02-21 02:00:23,702 [steps/libs/nnet3/train/frame_level_objf/common.py:265 - train_one_iteration - INFO ] On iteration 8, learning rate is 0.00495500304507.
2018-02-21 02:03:19,305 [steps/libs/nnet3/train/frame_level_objf/common.py:201 - train_one_iteration - INFO ] Training neural net (pass 9)
2018-02-21 02:03:19,312 [steps/libs/nnet3/train/frame_level_objf/common.py:265 - train_one_iteration - INFO ] On iteration 9, learning rate is 0.00452878210399.
2018-02-21 02:07:30,585 [steps/libs/nnet3/train/frame_level_objf/common.py:201 - train_one_iteration - INFO ] Training neural net (pass 10)
2018-02-21 02:07:30,604 [steps/libs/nnet3/train/frame_level_objf/common.py:265 - train_one_iteration - INFO ] On iteration 10, learning rate is 0.00413922396391.
2018-02-21 02:11:32,642 [steps/libs/nnet3/train/frame_level_objf/common.py:201 - train_one_iteration - INFO ] Training neural net (pass 11)
2018-02-21 02:11:32,650 [steps/libs/nnet3/train/frame_level_objf/common.py:265 - train_one_iteration - INFO ] On iteration 11, learning rate is 0.003783174953.
2018-02-21 02:15:12,349 [steps/libs/nnet3/train/frame_level_objf/common.py:201 - train_one_iteration - INFO ] Training neural net (pass 12)
2018-02-21 02:15:12,354 [steps/libs/nnet3/train/frame_level_objf/common.py:265 - train_one_iteration - INFO ] On iteration 12, learning rate is 0.0041493032075.
2018-02-21 02:17:48,244 [steps/libs/nnet3/train/frame_level_objf/common.py:201 - train_one_iteration - INFO ] Training neural net (pass 13)
2018-02-21 02:17:48,250 [steps/libs/nnet3/train/frame_level_objf/common.py:265 - train_one_iteration - INFO ] On iteration 13, learning rate is 0.003724776098.
2018-02-21 02:21:32,355 [steps/libs/nnet3/train/frame_level_objf/common.py:201 - train_one_iteration - INFO ] Training neural net (pass 14)
2018-02-21 02:21:32,360 [steps/libs/nnet3/train/frame_level_objf/common.py:265 - train_one_iteration - INFO ] On iteration 14, learning rate is 0.00334368357442.
2018-02-21 02:26:00,940 [steps/libs/nnet3/train/frame_level_objf/common.py:201 - train_one_iteration - INFO ] Training neural net (pass 15)
2018-02-21 02:26:00,954 [steps/libs/nnet3/train/frame_level_objf/common.py:265 - train_one_iteration - INFO ] On iteration 15, learning rate is 0.00300158171973.
2018-02-21 02:29:09,770 [steps/libs/nnet3/train/frame_level_objf/common.py:201 - train_one_iteration - INFO ] Training neural net (pass 16)
2018-02-21 02:29:09,776 [steps/libs/nnet3/train/frame_level_objf/common.py:265 - train_one_iteration - INFO ] On iteration 16, learning rate is 0.00269448128679.
2018-02-21 02:32:11,754 [steps/libs/nnet3/train/frame_level_objf/common.py:201 - train_one_iteration - INFO ] Training neural net (pass 17)
2018-02-21 02:32:11,767 [steps/libs/nnet3/train/frame_level_objf/common.py:265 - train_one_iteration - INFO ] On iteration 17, learning rate is 0.00282193470974.
2018-02-21 02:36:22,665 [steps/libs/nnet3/train/frame_level_objf/common.py:201 - train_one_iteration - INFO ] Training neural net (pass 18)
2018-02-21 02:36:22,687 [steps/libs/nnet3/train/frame_level_objf/common.py:265 - train_one_iteration - INFO ] On iteration 18, learning rate is 0.00248805204912.
2018-02-21 02:40:12,184 [steps/libs/nnet3/train/frame_level_objf/common.py:201 - train_one_iteration - INFO ] Training neural net (pass 19)
2018-02-21 02:40:12,202 [steps/libs/nnet3/train/frame_level_objf/common.py:265 - train_one_iteration - INFO ] On iteration 19, learning rate is 0.00219367336097.
2018-02-21 02:43:45,715 [steps/libs/nnet3/train/frame_level_objf/common.py:201 - train_one_iteration - INFO ] Training neural net (pass 20)
2018-02-21 02:43:45,721 [steps/libs/nnet3/train/frame_level_objf/common.py:265 - train_one_iteration - INFO ] On iteration 20, learning rate is 0.0019341246564.
2018-02-21 02:48:01,104 [steps/libs/nnet3/train/frame_level_objf/common.py:201 - train_one_iteration - INFO ] Training neural net (pass 21)
2018-02-21 02:48:01,109 [steps/libs/nnet3/train/frame_level_objf/common.py:265 - train_one_iteration - INFO ] On iteration 21, learning rate is 0.00194889709552.
2018-02-21 02:51:47,162 [steps/libs/nnet3/train/frame_level_objf/common.py:201 - train_one_iteration - INFO ] Training neural net (pass 22)
2018-02-21 02:51:47,169 [steps/libs/nnet3/train/frame_level_objf/common.py:265 - train_one_iteration - INFO ] On iteration 22, learning rate is 0.00136.
2018-02-21 02:55:33,435 [steps/nnet3/train_raw_dnn.py:395 - train - INFO ] Doing final combination to produce final.raw
2018-02-21 02:55:33,435 [steps/libs/nnet3/train/frame_level_objf/common.py:466 - combine_models - INFO ] Combining set([13, 14, 15, 16, 17, 18, 19, 20, 21, 22, 23]) models.
2018-02-21 02:57:57,633 [steps/nnet3/train_raw_dnn.py:417 - train - INFO ] Cleaning up the experiment directory exp/nnet3/tdnn_base_7accents_nz
exp/nnet3/tdnn_base_7accents_nz: num-iters=23 nj=3..8 num-params=11.8M dim=40->7 combine=-0.91->-0.36 loglike:train/valid[14,22]=(-1.04,-0.57/-1.08,-0.74) accuracy:train/valid[14,22]=(0.784,0.851/0.778,0.817)
steps/nnet3/train_raw_dnn.py --stage=-10 --cmd=run.pl --mem 4G --feat.cmvn-opts=--norm-means=false --norm-vars=false --trainer.num-epochs 2 --trainer.optimization.num-jobs-initial 3 --trainer.optimization.num-jobs-final 8 --trainer.optimization.initial-effective-lrate 0.0017 --trainer.optimization.final-effective-lrate 0.00017 --egs.dir exp/nnet3/tdnn_base_7accents_nz/egs --cleanup.preserve-model-interval 20 --use-gpu true --use-dense-targets false --feat-dir=data/cv_train_all_nz_with_accents_hires --reporting.email= --dir exp/nnet3/tdnn_base_7accents_nz
['steps/nnet3/train_raw_dnn.py', '--stage=-10', '--cmd=run.pl --mem 4G', '--feat.cmvn-opts=--norm-means=false --norm-vars=false', '--trainer.num-epochs', '2', '--trainer.optimization.num-jobs-initial', '3', '--trainer.optimization.num-jobs-final', '8', '--trainer.optimization.initial-effective-lrate', '0.0017', '--trainer.optimization.final-effective-lrate', '0.00017', '--egs.dir', 'exp/nnet3/tdnn_base_7accents_nz/egs', '--cleanup.preserve-model-interval', '20', '--use-gpu', 'true', '--use-dense-targets', 'false', '--feat-dir=data/cv_train_all_nz_with_accents_hires', '--reporting.email=', '--dir', 'exp/nnet3/tdnn_base_7accents_nz']
