steps/nnet3/xconfig_to_configs.py --xconfig-file exp/nnet3/tdnn_1024nodes_300bnlayer_except_indian/configs/network.xconfig --config-dir exp/nnet3/tdnn_1024nodes_300bnlayer_except_indian/configs/
nnet3-init exp/nnet3/tdnn_1024nodes_300bnlayer_except_indian/configs//ref.config exp/nnet3/tdnn_1024nodes_300bnlayer_except_indian/configs//ref.raw 
LOG (nnet3-init[5.2.204~1-08848]:main():nnet3-init.cc:80) Initialized raw neural net and wrote it to exp/nnet3/tdnn_1024nodes_300bnlayer_except_indian/configs//ref.raw
nnet3-info exp/nnet3/tdnn_1024nodes_300bnlayer_except_indian/configs//ref.raw 
nnet3-init exp/nnet3/tdnn_1024nodes_300bnlayer_except_indian/configs//ref.config exp/nnet3/tdnn_1024nodes_300bnlayer_except_indian/configs//ref.raw 
LOG (nnet3-init[5.2.204~1-08848]:main():nnet3-init.cc:80) Initialized raw neural net and wrote it to exp/nnet3/tdnn_1024nodes_300bnlayer_except_indian/configs//ref.raw
nnet3-info exp/nnet3/tdnn_1024nodes_300bnlayer_except_indian/configs//ref.raw 
./my_run.sh: calling get_egs.sh for generating examples with alignments as output
steps/nnet3/get_egs_mod.sh --cmvn-opts --norm-means=false --norm-vars=false --left-context 16 --right-context 12 --num-utts-subset 300 --nj 20 --num-pdfs 15 --samples-per-iter 400000 --cmd run.pl --frames-per-eg 8 data/cv_train_with_accents_except_indian_hires exp/tri4_train_with_accents_except_indian_ali exp/nnet3/tdnn_1024nodes_300bnlayer_except_indian/egs
steps/nnet3/get_egs_mod.sh: feature type is raw
steps/nnet3/get_egs_mod.sh: working out number of frames of training data
steps/nnet3/get_egs_mod.sh: working out feature dim
steps/nnet3/get_egs_mod.sh: creating 8 archives, each with 382452 egs, with
steps/nnet3/get_egs_mod.sh:   8 labels per example, and (left,right) context = (16,12)
steps/nnet3/get_egs_mod.sh: copying data alignments
copy-int-vector ark:- ark,scp:exp/nnet3/tdnn_1024nodes_300bnlayer_except_indian/egs/ali.ark,exp/nnet3/tdnn_1024nodes_300bnlayer_except_indian/egs/ali.scp 
LOG (copy-int-vector[5.2.204~1-08848]:main():copy-int-vector.cc:83) Copied 60148 vectors of int32.
steps/nnet3/get_egs_mod.sh: Getting validation and training subset examples.
steps/nnet3/get_egs_mod.sh: ... extracting validation and training-subset alignments.
... Getting subsets of validation examples for diagnostics and combination.
steps/nnet3/get_egs_mod.sh: Generating training examples on disk
steps/nnet3/get_egs_mod.sh: recombining and shuffling order of archives on disk
steps/nnet3/get_egs_mod.sh: removing temporary archives
steps/nnet3/get_egs_mod.sh: removing temporary alignments and transforms
steps/nnet3/get_egs_mod.sh: Finished preparing training examples
2018-02-20 19:10:22,662 [steps/nnet3/train_raw_dnn.py:34 - <module> - INFO ] Starting raw DNN trainer (train_raw_dnn.py)
2018-02-20 19:10:22,672 [steps/nnet3/train_raw_dnn.py:172 - train - INFO ] Arguments for the experiment
{'backstitch_training_interval': 1,
 'backstitch_training_scale': 0.0,
 'cleanup': True,
 'cmvn_opts': '--norm-means=false --norm-vars=false',
 'combine_sum_to_one_penalty': 0.0,
 'command': 'run.pl --mem 4G',
 'compute_average_posteriors': False,
 'compute_per_dim_accuracy': False,
 'dir': 'exp/nnet3/tdnn_1024nodes_300bnlayer_except_indian',
 'do_final_combination': True,
 'dropout_schedule': None,
 'egs_command': None,
 'egs_dir': 'exp/nnet3/tdnn_1024nodes_300bnlayer_except_indian/egs',
 'egs_opts': None,
 'egs_stage': 0,
 'email': None,
 'exit_stage': None,
 'feat_dir': 'data/cv_train_with_accents_except_indian_hires',
 'final_effective_lrate': 0.00017,
 'frames_per_eg': 8,
 'image_augmentation_opts': None,
 'initial_effective_lrate': 0.0017,
 'max_lda_jobs': 10,
 'max_models_combine': 20,
 'max_param_change': 2.0,
 'minibatch_size': '512',
 'momentum': 0.0,
 'nj': 4,
 'num_epochs': 2.0,
 'num_jobs_compute_prior': 10,
 'num_jobs_final': 8,
 'num_jobs_initial': 3,
 'online_ivector_dir': None,
 'preserve_model_interval': 20,
 'presoftmax_prior_scale_power': -0.25,
 'prior_subset_size': 20000,
 'proportional_shrink': 0.0,
 'rand_prune': 4.0,
 'remove_egs': True,
 'reporting_interval': 0.1,
 'samples_per_iter': 400000,
 'shuffle_buffer_size': 5000,
 'srand': 0,
 'stage': -10,
 'targets_scp': None,
 'transform_dir': None,
 'use_dense_targets': False,
 'use_gpu': True}
2018-02-20 19:10:22,680 [steps/libs/nnet3/train/common.py:440 - verify_egs_dir - WARNING ] The ivector ids are not used. It's your responsibility to make sure the ivector extractor has been used consistently
2018-02-20 19:10:22,681 [steps/nnet3/train_raw_dnn.py:283 - train - INFO ] Preparing the initial network.
2018-02-20 19:10:23,337 [steps/nnet3/train_raw_dnn.py:322 - train - INFO ] Training will run for 2.0 epochs = 23 iterations
2018-02-20 19:10:23,338 [steps/libs/nnet3/train/frame_level_objf/common.py:201 - train_one_iteration - INFO ] Training neural net (pass 0)
2018-02-20 19:10:23,342 [steps/libs/nnet3/train/frame_level_objf/common.py:265 - train_one_iteration - INFO ] On iteration 0, learning rate is 0.0051.
2018-02-20 19:12:01,059 [steps/libs/nnet3/train/frame_level_objf/common.py:201 - train_one_iteration - INFO ] Training neural net (pass 1)
2018-02-20 19:12:01,074 [steps/libs/nnet3/train/frame_level_objf/common.py:265 - train_one_iteration - INFO ] On iteration 1, learning rate is 0.00483206398084.
2018-02-20 19:13:15,998 [steps/libs/nnet3/train/frame_level_objf/common.py:201 - train_one_iteration - INFO ] Training neural net (pass 2)
2018-02-20 19:13:16,005 [steps/libs/nnet3/train/frame_level_objf/common.py:265 - train_one_iteration - INFO ] On iteration 2, learning rate is 0.00457820437548.
2018-02-20 19:14:32,773 [steps/libs/nnet3/train/frame_level_objf/common.py:201 - train_one_iteration - INFO ] Training neural net (pass 3)
2018-02-20 19:14:32,781 [steps/libs/nnet3/train/frame_level_objf/common.py:265 - train_one_iteration - INFO ] On iteration 3, learning rate is 0.00578357554502.
2018-02-20 19:17:36,979 [steps/libs/nnet3/train/frame_level_objf/common.py:201 - train_one_iteration - INFO ] Training neural net (pass 4)
2018-02-20 19:17:36,998 [steps/libs/nnet3/train/frame_level_objf/common.py:265 - train_one_iteration - INFO ] On iteration 4, learning rate is 0.0053820336988.
2018-02-20 19:19:16,913 [steps/libs/nnet3/train/frame_level_objf/common.py:201 - train_one_iteration - INFO ] Training neural net (pass 5)
2018-02-20 19:19:16,919 [steps/libs/nnet3/train/frame_level_objf/common.py:265 - train_one_iteration - INFO ] On iteration 5, learning rate is 0.00500837008344.
2018-02-20 19:20:54,695 [steps/libs/nnet3/train/frame_level_objf/common.py:201 - train_one_iteration - INFO ] Training neural net (pass 6)
2018-02-20 19:20:54,701 [steps/libs/nnet3/train/frame_level_objf/common.py:265 - train_one_iteration - INFO ] On iteration 6, learning rate is 0.00466064917028.
2018-02-20 19:22:27,928 [steps/libs/nnet3/train/frame_level_objf/common.py:201 - train_one_iteration - INFO ] Training neural net (pass 7)
2018-02-20 19:22:27,942 [steps/libs/nnet3/train/frame_level_objf/common.py:265 - train_one_iteration - INFO ] On iteration 7, learning rate is 0.00542133726306.
2018-02-20 19:25:38,720 [steps/libs/nnet3/train/frame_level_objf/common.py:201 - train_one_iteration - INFO ] Training neural net (pass 8)
2018-02-20 19:25:38,737 [steps/libs/nnet3/train/frame_level_objf/common.py:265 - train_one_iteration - INFO ] On iteration 8, learning rate is 0.00495500304507.
2018-02-20 19:28:38,872 [steps/libs/nnet3/train/frame_level_objf/common.py:201 - train_one_iteration - INFO ] Training neural net (pass 9)
2018-02-20 19:28:38,878 [steps/libs/nnet3/train/frame_level_objf/common.py:265 - train_one_iteration - INFO ] On iteration 9, learning rate is 0.00452878210399.
2018-02-20 19:30:35,510 [steps/libs/nnet3/train/frame_level_objf/common.py:201 - train_one_iteration - INFO ] Training neural net (pass 10)
2018-02-20 19:30:35,517 [steps/libs/nnet3/train/frame_level_objf/common.py:265 - train_one_iteration - INFO ] On iteration 10, learning rate is 0.00413922396391.
2018-02-20 19:33:51,019 [steps/libs/nnet3/train/frame_level_objf/common.py:201 - train_one_iteration - INFO ] Training neural net (pass 11)
2018-02-20 19:33:51,026 [steps/libs/nnet3/train/frame_level_objf/common.py:265 - train_one_iteration - INFO ] On iteration 11, learning rate is 0.003783174953.
2018-02-20 19:37:34,909 [steps/libs/nnet3/train/frame_level_objf/common.py:201 - train_one_iteration - INFO ] Training neural net (pass 12)
2018-02-20 19:37:34,918 [steps/libs/nnet3/train/frame_level_objf/common.py:265 - train_one_iteration - INFO ] On iteration 12, learning rate is 0.0041493032075.
2018-02-20 19:40:24,314 [steps/libs/nnet3/train/frame_level_objf/common.py:201 - train_one_iteration - INFO ] Training neural net (pass 13)
2018-02-20 19:40:24,320 [steps/libs/nnet3/train/frame_level_objf/common.py:265 - train_one_iteration - INFO ] On iteration 13, learning rate is 0.003724776098.
2018-02-20 19:42:49,218 [steps/libs/nnet3/train/frame_level_objf/common.py:201 - train_one_iteration - INFO ] Training neural net (pass 14)
2018-02-20 19:42:49,225 [steps/libs/nnet3/train/frame_level_objf/common.py:265 - train_one_iteration - INFO ] On iteration 14, learning rate is 0.00334368357442.
2018-02-20 19:45:29,412 [steps/libs/nnet3/train/frame_level_objf/common.py:201 - train_one_iteration - INFO ] Training neural net (pass 15)
2018-02-20 19:45:29,419 [steps/libs/nnet3/train/frame_level_objf/common.py:265 - train_one_iteration - INFO ] On iteration 15, learning rate is 0.00300158171973.
2018-02-20 19:50:14,180 [steps/libs/nnet3/train/frame_level_objf/common.py:201 - train_one_iteration - INFO ] Training neural net (pass 16)
2018-02-20 19:50:14,198 [steps/libs/nnet3/train/frame_level_objf/common.py:265 - train_one_iteration - INFO ] On iteration 16, learning rate is 0.00269448128679.
2018-02-20 19:55:16,785 [steps/libs/nnet3/train/frame_level_objf/common.py:201 - train_one_iteration - INFO ] Training neural net (pass 17)
2018-02-20 19:55:16,799 [steps/libs/nnet3/train/frame_level_objf/common.py:265 - train_one_iteration - INFO ] On iteration 17, learning rate is 0.00282193470974.
2018-02-20 20:01:09,555 [steps/libs/nnet3/train/frame_level_objf/common.py:201 - train_one_iteration - INFO ] Training neural net (pass 18)
2018-02-20 20:01:09,565 [steps/libs/nnet3/train/frame_level_objf/common.py:265 - train_one_iteration - INFO ] On iteration 18, learning rate is 0.00248805204912.
2018-02-20 20:05:21,317 [steps/libs/nnet3/train/frame_level_objf/common.py:201 - train_one_iteration - INFO ] Training neural net (pass 19)
2018-02-20 20:05:21,323 [steps/libs/nnet3/train/frame_level_objf/common.py:265 - train_one_iteration - INFO ] On iteration 19, learning rate is 0.00219367336097.
2018-02-20 20:09:29,586 [steps/libs/nnet3/train/frame_level_objf/common.py:201 - train_one_iteration - INFO ] Training neural net (pass 20)
2018-02-20 20:09:29,593 [steps/libs/nnet3/train/frame_level_objf/common.py:265 - train_one_iteration - INFO ] On iteration 20, learning rate is 0.0019341246564.
2018-02-20 20:20:23,976 [steps/libs/nnet3/train/frame_level_objf/common.py:201 - train_one_iteration - INFO ] Training neural net (pass 21)
2018-02-20 20:20:23,983 [steps/libs/nnet3/train/frame_level_objf/common.py:265 - train_one_iteration - INFO ] On iteration 21, learning rate is 0.00194889709552.
2018-02-20 20:26:29,877 [steps/libs/nnet3/train/frame_level_objf/common.py:201 - train_one_iteration - INFO ] Training neural net (pass 22)
2018-02-20 20:26:29,883 [steps/libs/nnet3/train/frame_level_objf/common.py:265 - train_one_iteration - INFO ] On iteration 22, learning rate is 0.00136.
2018-02-20 20:32:48,749 [steps/nnet3/train_raw_dnn.py:395 - train - INFO ] Doing final combination to produce final.raw
2018-02-20 20:32:48,749 [steps/libs/nnet3/train/frame_level_objf/common.py:466 - combine_models - INFO ] Combining set([13, 14, 15, 16, 17, 18, 19, 20, 21, 22, 23]) models.
2018-02-20 20:38:06,926 [steps/nnet3/train_raw_dnn.py:417 - train - INFO ] Cleaning up the experiment directory exp/nnet3/tdnn_1024nodes_300bnlayer_except_indian
exp/nnet3/tdnn_1024nodes_300bnlayer_except_indian: num-iters=23 nj=3..8 num-params=10.3M dim=40->15 combine=-0.45->-0.27 loglike:train/valid[14,22]=(-1.12,-0.56/-1.25,-1.06) accuracy:train/valid[14,22]=(0.69,0.871/0.67,0.807)
steps/nnet3/train_raw_dnn.py --stage=-10 --cmd=run.pl --mem 4G --feat.cmvn-opts=--norm-means=false --norm-vars=false --trainer.num-epochs 2 --trainer.optimization.num-jobs-initial 3 --trainer.optimization.num-jobs-final 8 --trainer.optimization.initial-effective-lrate 0.0017 --trainer.optimization.final-effective-lrate 0.00017 --egs.dir exp/nnet3/tdnn_1024nodes_300bnlayer_except_indian/egs --cleanup.preserve-model-interval 20 --use-gpu true --use-dense-targets false --feat-dir=data/cv_train_with_accents_except_indian_hires --reporting.email= --dir exp/nnet3/tdnn_1024nodes_300bnlayer_except_indian
['steps/nnet3/train_raw_dnn.py', '--stage=-10', '--cmd=run.pl --mem 4G', '--feat.cmvn-opts=--norm-means=false --norm-vars=false', '--trainer.num-epochs', '2', '--trainer.optimization.num-jobs-initial', '3', '--trainer.optimization.num-jobs-final', '8', '--trainer.optimization.initial-effective-lrate', '0.0017', '--trainer.optimization.final-effective-lrate', '0.00017', '--egs.dir', 'exp/nnet3/tdnn_1024nodes_300bnlayer_except_indian/egs', '--cleanup.preserve-model-interval', '20', '--use-gpu', 'true', '--use-dense-targets', 'false', '--feat-dir=data/cv_train_with_accents_except_indian_hires', '--reporting.email=', '--dir', 'exp/nnet3/tdnn_1024nodes_300bnlayer_except_indian']
